[2020-10-10T15:28:02.649] [DEBUG] cheese - login => username:张三,password:123456
[2020-10-10T15:28:02.651] [DEBUG] cheese - 张三
[2020-10-10T15:28:02.657] [DEBUG] cheese - null
[2020-10-10T15:28:02.658] [DEBUG] cheese - null
[2020-10-10T15:28:35.312] [DEBUG] cheese - login => username:admin
,password:123456
[2020-10-10T15:28:35.312] [DEBUG] cheese - admin

[2020-10-10T15:28:35.314] [DEBUG] cheese - null
[2020-10-10T15:28:35.314] [DEBUG] cheese - null
[2020-10-10T15:28:57.262] [DEBUG] cheese - login => username:admin,password:123456
[2020-10-10T15:28:57.263] [DEBUG] cheese - admin
[2020-10-10T15:28:57.267] [DEBUG] cheese - null
[2020-10-10T15:28:57.267] [DEBUG] cheese - null
[2020-10-12T18:25:30.173] [DEBUG] cheese - login => username:admin,password:123456
[2020-10-12T18:25:30.175] [DEBUG] cheese - admin
[2020-10-12T18:25:30.185] [DEBUG] cheese - null
[2020-10-12T18:25:30.186] [DEBUG] cheese - null
[2020-10-12T21:29:03.883] [DEBUG] cheese - login => username:admin,password:123456
[2020-10-12T21:29:03.883] [DEBUG] cheese - admin
[2020-10-12T21:29:03.886] [DEBUG] cheese - null
[2020-10-12T21:29:03.886] [DEBUG] cheese - null
[2020-10-12T21:29:33.529] [DEBUG] cheese - login => username:541654,password:574148
[2020-10-12T21:29:33.529] [DEBUG] cheese - 541654
[2020-10-12T21:29:33.530] [DEBUG] cheese - null
[2020-10-12T21:29:33.531] [DEBUG] cheese - null
[2020-10-12T21:30:24.498] [DEBUG] cheese - login => username:13545612,password:451543145
[2020-10-12T21:30:24.498] [DEBUG] cheese - 13545612
[2020-10-12T21:30:24.501] [DEBUG] cheese - null
[2020-10-12T21:30:24.501] [DEBUG] cheese - null
[2020-10-12T21:31:01.717] [DEBUG] cheese - login => username:admin,password:123456
[2020-10-12T21:31:01.717] [DEBUG] cheese - admin
[2020-10-12T21:31:01.719] [DEBUG] cheese - null
[2020-10-12T21:31:01.720] [DEBUG] cheese - null
[2020-10-12T21:33:52.766] [DEBUG] cheese - login => username:13216,password:345165
[2020-10-12T21:33:52.766] [DEBUG] cheese - 13216
[2020-10-12T21:33:52.768] [DEBUG] cheese - null
[2020-10-12T21:33:52.768] [DEBUG] cheese - null
[2020-10-12T21:35:19.712] [DEBUG] cheese - login => username:123123,password:141234123
[2020-10-12T21:35:19.712] [DEBUG] cheese - 123123
[2020-10-12T21:35:19.714] [DEBUG] cheese - null
[2020-10-12T21:35:19.714] [DEBUG] cheese - null
[2020-10-12T21:51:12.676] [DEBUG] cheese - login => username:112312,password:213123
[2020-10-12T21:51:12.676] [DEBUG] cheese - 112312
[2020-10-12T21:51:12.679] [DEBUG] cheese - null
[2020-10-12T21:51:12.679] [DEBUG] cheese - null
[2020-10-12T21:54:43.799] [DEBUG] cheese - login => username:12412,password:312312
[2020-10-12T21:54:43.799] [DEBUG] cheese - 12412
[2020-10-12T21:54:43.802] [DEBUG] cheese - null
[2020-10-12T21:54:43.802] [DEBUG] cheese - null
[2020-10-12T21:56:52.873] [DEBUG] cheese - login => username:213123,password:aasdasd
[2020-10-12T21:56:52.873] [DEBUG] cheese - 213123
[2020-10-12T21:56:52.875] [DEBUG] cheese - null
[2020-10-12T21:56:52.875] [DEBUG] cheese - null
[2020-10-12T22:04:31.734] [DEBUG] cheese - login => username:123213,password:sad
[2020-10-12T22:04:31.734] [DEBUG] cheese - 123213
[2020-10-12T22:04:31.736] [DEBUG] cheese - null
[2020-10-12T22:04:31.736] [DEBUG] cheese - null
[2020-10-12T22:04:31.983] [DEBUG] cheese - login => username:123213,password:sad
[2020-10-12T22:04:31.983] [DEBUG] cheese - 123213
[2020-10-12T22:04:31.985] [DEBUG] cheese - null
[2020-10-12T22:04:31.986] [DEBUG] cheese - null
[2020-10-12T22:04:32.341] [DEBUG] cheese - login => username:123213,password:sad
[2020-10-12T22:04:32.341] [DEBUG] cheese - 123213
[2020-10-12T22:04:32.343] [DEBUG] cheese - null
[2020-10-12T22:04:32.343] [DEBUG] cheese - null
[2020-10-12T22:04:32.502] [DEBUG] cheese - login => username:123213,password:sad
[2020-10-12T22:04:32.502] [DEBUG] cheese - 123213
[2020-10-12T22:04:32.504] [DEBUG] cheese - null
[2020-10-12T22:04:32.504] [DEBUG] cheese - null
[2020-10-12T22:04:32.656] [DEBUG] cheese - login => username:123213,password:sad
[2020-10-12T22:04:32.656] [DEBUG] cheese - 123213
[2020-10-12T22:04:32.657] [DEBUG] cheese - null
[2020-10-12T22:04:32.657] [DEBUG] cheese - null
[2020-10-12T22:04:39.323] [DEBUG] cheese - login => username:admin,password:123456
[2020-10-12T22:04:39.323] [DEBUG] cheese - admin
[2020-10-12T22:04:39.326] [DEBUG] cheese - null
[2020-10-12T22:04:39.326] [DEBUG] cheese - null
[2020-10-12T22:21:14.488] [DEBUG] cheese - login => username:21312,password:123123
[2020-10-12T22:21:14.488] [DEBUG] cheese - 21312
[2020-10-12T22:21:14.490] [DEBUG] cheese - null
[2020-10-12T22:21:14.490] [DEBUG] cheese - null
[2020-10-12T22:21:20.834] [DEBUG] cheese - login => username:admin,password:123456
[2020-10-12T22:21:20.834] [DEBUG] cheese - admin
[2020-10-12T22:21:20.836] [DEBUG] cheese - null
[2020-10-12T22:21:20.836] [DEBUG] cheese - null
[2020-10-12T22:21:25.827] [DEBUG] cheese - login => username:admin,password:123456
[2020-10-12T22:21:25.827] [DEBUG] cheese - admin
[2020-10-12T22:21:25.828] [DEBUG] cheese - null
[2020-10-12T22:21:25.828] [DEBUG] cheese - null
[2020-10-12T22:21:25.992] [DEBUG] cheese - login => username:admin,password:123456
[2020-10-12T22:21:25.992] [DEBUG] cheese - admin
[2020-10-12T22:21:25.993] [DEBUG] cheese - null
[2020-10-12T22:21:25.993] [DEBUG] cheese - null
[2020-10-12T22:21:26.161] [DEBUG] cheese - login => username:admin,password:123456
[2020-10-12T22:21:26.161] [DEBUG] cheese - admin
[2020-10-12T22:21:26.163] [DEBUG] cheese - null
[2020-10-12T22:21:26.163] [DEBUG] cheese - null
[2020-10-12T22:21:26.331] [DEBUG] cheese - login => username:admin,password:123456
[2020-10-12T22:21:26.331] [DEBUG] cheese - admin
[2020-10-12T22:21:26.333] [DEBUG] cheese - null
[2020-10-12T22:21:26.333] [DEBUG] cheese - null
[2020-10-12T22:21:26.489] [DEBUG] cheese - login => username:admin,password:123456
[2020-10-12T22:21:26.490] [DEBUG] cheese - admin
[2020-10-12T22:21:26.492] [DEBUG] cheese - null
[2020-10-12T22:21:26.492] [DEBUG] cheese - null
[2020-10-12T22:21:26.657] [DEBUG] cheese - login => username:admin,password:123456
[2020-10-12T22:21:26.657] [DEBUG] cheese - admin
[2020-10-12T22:21:26.658] [DEBUG] cheese - null
[2020-10-12T22:21:26.658] [DEBUG] cheese - null
[2020-10-12T22:21:26.825] [DEBUG] cheese - login => username:admin,password:123456
[2020-10-12T22:21:26.825] [DEBUG] cheese - admin
[2020-10-12T22:21:26.827] [DEBUG] cheese - null
[2020-10-12T22:21:26.827] [DEBUG] cheese - null
[2020-10-12T22:21:26.980] [DEBUG] cheese - login => username:admin,password:123456
[2020-10-12T22:21:26.980] [DEBUG] cheese - admin
[2020-10-12T22:21:26.982] [DEBUG] cheese - null
[2020-10-12T22:21:26.983] [DEBUG] cheese - null
[2020-10-12T22:21:27.174] [DEBUG] cheese - login => username:admin,password:123456
[2020-10-12T22:21:27.174] [DEBUG] cheese - admin
[2020-10-12T22:21:27.175] [DEBUG] cheese - null
[2020-10-12T22:21:27.175] [DEBUG] cheese - null
[2020-10-13T15:49:54.859] [DEBUG] cheese - login => username:656416541651,password:57641841
[2020-10-13T15:49:54.860] [DEBUG] cheese - 656416541651
[2020-10-13T15:49:54.876] [DEBUG] cheese - null
[2020-10-13T15:49:54.876] [DEBUG] cheese - null
[2020-10-13T15:49:56.834] [DEBUG] cheese - login => username:656416541651,password:57641841
[2020-10-13T15:49:56.835] [DEBUG] cheese - 656416541651
[2020-10-13T15:49:56.836] [DEBUG] cheese - null
[2020-10-13T15:49:56.836] [DEBUG] cheese - null
[2020-10-13T15:49:57.182] [DEBUG] cheese - login => username:656416541651,password:57641841
[2020-10-13T15:49:57.183] [DEBUG] cheese - 656416541651
[2020-10-13T15:49:57.185] [DEBUG] cheese - null
[2020-10-13T15:49:57.185] [DEBUG] cheese - null
[2020-10-13T15:49:57.379] [DEBUG] cheese - login => username:656416541651,password:57641841
[2020-10-13T15:49:57.379] [DEBUG] cheese - 656416541651
[2020-10-13T15:49:57.381] [DEBUG] cheese - null
[2020-10-13T15:49:57.381] [DEBUG] cheese - null
[2020-10-13T15:50:32.732] [DEBUG] cheese - login => username:admin,password:123456
[2020-10-13T15:50:32.732] [DEBUG] cheese - admin
[2020-10-13T15:50:32.735] [DEBUG] cheese - null
[2020-10-13T15:50:32.735] [DEBUG] cheese - null
[2020-10-13T15:50:45.899] [DEBUG] cheese - login => username:admin,password:123456
[2020-10-13T15:50:45.899] [DEBUG] cheese - admin
[2020-10-13T15:50:45.902] [DEBUG] cheese - null
[2020-10-13T15:50:45.902] [DEBUG] cheese - null
[2020-10-13T15:56:03.011] [DEBUG] cheese - login => username:admin,password:123456
[2020-10-13T15:56:03.011] [DEBUG] cheese - admin
[2020-10-13T15:56:03.013] [DEBUG] cheese - null
[2020-10-13T15:56:03.013] [DEBUG] cheese - null
[2020-10-13T15:56:21.251] [DEBUG] cheese - login => username:admin,password:123456
[2020-10-13T15:56:21.251] [DEBUG] cheese - admin
[2020-10-13T15:56:21.254] [DEBUG] cheese - null
[2020-10-13T15:56:21.254] [DEBUG] cheese - null
[2020-10-13T15:56:37.976] [DEBUG] cheese - login => username:admin,password:123456
[2020-10-13T15:56:37.976] [DEBUG] cheese - admin
[2020-10-13T15:56:37.979] [DEBUG] cheese - null
[2020-10-13T15:56:37.979] [DEBUG] cheese - null
[2020-10-13T15:57:46.868] [DEBUG] cheese - login => username:admin,password:123456
[2020-10-13T15:57:46.868] [DEBUG] cheese - admin
[2020-10-13T15:57:46.870] [DEBUG] cheese - null
[2020-10-13T15:57:46.870] [DEBUG] cheese - null
[2020-10-13T16:02:18.474] [DEBUG] cheese - login => username:admin,password:123456
[2020-10-13T16:02:18.474] [DEBUG] cheese - admin
[2020-10-13T16:02:18.477] [DEBUG] cheese - null
[2020-10-13T16:02:18.477] [DEBUG] cheese - null
[2020-10-13T17:09:14.283] [DEBUG] cheese - login => username:admin,password:123456
[2020-10-13T17:09:14.284] [DEBUG] cheese - admin
[2020-10-13T17:09:14.286] [DEBUG] cheese - null
[2020-10-13T17:09:14.286] [DEBUG] cheese - null
[2020-10-13T17:12:12.617] [DEBUG] cheese - login => username:admin,password:123456
[2020-10-13T17:12:12.617] [DEBUG] cheese - admin
[2020-10-13T17:12:12.618] [DEBUG] cheese - null
[2020-10-13T17:12:12.618] [DEBUG] cheese - null
[2020-10-13T17:57:38.673] [DEBUG] cheese - login => username:admin,password:123456
[2020-10-13T17:57:38.673] [DEBUG] cheese - admin
[2020-10-13T17:57:38.677] [DEBUG] cheese - null
[2020-10-13T17:57:38.677] [DEBUG] cheese - null
[2020-10-13T18:08:02.378] [DEBUG] cheese - login => username:admin,password:123456
[2020-10-13T18:08:02.379] [DEBUG] cheese - admin
[2020-10-13T18:08:02.387] [DEBUG] cheese - null
[2020-10-13T18:08:02.387] [DEBUG] cheese - null
[2020-10-13T18:08:11.517] [DEBUG] cheese - login => username:admin1,password:123456
[2020-10-13T18:08:11.517] [DEBUG] cheese - admin1
[2020-10-13T18:08:11.520] [DEBUG] cheese - null
[2020-10-13T18:08:11.520] [DEBUG] cheese - null
[2020-10-13T18:08:12.354] [DEBUG] cheese - login => username:admin1,password:123456
[2020-10-13T18:08:12.354] [DEBUG] cheese - admin1
[2020-10-13T18:08:12.355] [DEBUG] cheese - null
[2020-10-13T18:08:12.355] [DEBUG] cheese - null
[2020-10-13T18:08:12.525] [DEBUG] cheese - login => username:admin1,password:123456
[2020-10-13T18:08:12.525] [DEBUG] cheese - admin1
[2020-10-13T18:08:12.528] [DEBUG] cheese - null
[2020-10-13T18:08:12.528] [DEBUG] cheese - null
[2020-10-13T18:08:12.868] [DEBUG] cheese - login => username:admin1,password:123456
[2020-10-13T18:08:12.868] [DEBUG] cheese - admin1
[2020-10-13T18:08:12.869] [DEBUG] cheese - null
[2020-10-13T18:08:12.870] [DEBUG] cheese - null
[2020-10-13T18:08:13.079] [DEBUG] cheese - login => username:admin1,password:123456
[2020-10-13T18:08:13.079] [DEBUG] cheese - admin1
[2020-10-13T18:08:13.082] [DEBUG] cheese - null
[2020-10-13T18:08:13.082] [DEBUG] cheese - null
[2020-10-13T18:08:13.236] [DEBUG] cheese - login => username:admin1,password:123456
[2020-10-13T18:08:13.236] [DEBUG] cheese - admin1
[2020-10-13T18:08:13.237] [DEBUG] cheese - null
[2020-10-13T18:08:13.238] [DEBUG] cheese - null
[2020-10-13T18:08:13.391] [DEBUG] cheese - login => username:admin1,password:123456
[2020-10-13T18:08:13.391] [DEBUG] cheese - admin1
[2020-10-13T18:08:13.394] [DEBUG] cheese - null
[2020-10-13T18:08:13.394] [DEBUG] cheese - null
[2020-10-13T18:08:13.565] [DEBUG] cheese - login => username:admin1,password:123456
[2020-10-13T18:08:13.565] [DEBUG] cheese - admin1
[2020-10-13T18:08:13.566] [DEBUG] cheese - null
[2020-10-13T18:08:13.566] [DEBUG] cheese - null
[2020-10-13T18:08:19.166] [DEBUG] cheese - login => username:admin,password:123456
[2020-10-13T18:08:19.166] [DEBUG] cheese - admin
[2020-10-13T18:08:19.168] [DEBUG] cheese - null
[2020-10-13T18:08:19.168] [DEBUG] cheese - null
[2020-10-13T21:07:43.411] [DEBUG] cheese - login => username:admin,password:123456
[2020-10-13T21:07:43.413] [DEBUG] cheese - admin
[2020-10-13T21:07:43.424] [DEBUG] cheese - null
[2020-10-13T21:07:43.425] [DEBUG] cheese - null
[2020-10-13T21:07:53.365] [DEBUG] cheese - login => username:admin,password:123456
[2020-10-13T21:07:53.365] [DEBUG] cheese - admin
[2020-10-13T21:07:53.368] [DEBUG] cheese - null
[2020-10-13T21:07:53.368] [DEBUG] cheese - null
[2020-10-13T21:13:38.064] [DEBUG] cheese - login => username:admin,password:123456
[2020-10-13T21:13:38.064] [DEBUG] cheese - admin
[2020-10-13T21:13:38.068] [DEBUG] cheese - null
[2020-10-13T21:13:38.068] [DEBUG] cheese - null
[2020-10-13T21:34:01.092] [DEBUG] cheese - login => username:admin,password:123456
[2020-10-13T21:34:01.092] [DEBUG] cheese - admin
[2020-10-13T21:34:01.094] [DEBUG] cheese - null
[2020-10-13T21:34:01.094] [DEBUG] cheese - null
[2020-10-13T21:40:39.781] [DEBUG] cheese - login => username:admin,password:123456
[2020-10-13T21:40:39.781] [DEBUG] cheese - admin
[2020-10-13T21:40:39.783] [DEBUG] cheese - null
[2020-10-13T21:40:39.783] [DEBUG] cheese - null
[2020-10-13T21:46:38.475] [DEBUG] cheese - login => username:admin,password:123456
[2020-10-13T21:46:38.476] [DEBUG] cheese - admin
[2020-10-13T21:46:38.477] [DEBUG] cheese - null
[2020-10-13T21:46:38.478] [DEBUG] cheese - null
[2020-10-13T21:47:23.264] [DEBUG] cheese - login => username:admin,password:123456
[2020-10-13T21:47:23.264] [DEBUG] cheese - admin
[2020-10-13T21:47:23.267] [DEBUG] cheese - null
[2020-10-13T21:47:23.267] [DEBUG] cheese - null
[2020-10-13T22:10:49.147] [DEBUG] cheese - login => username:admin,password:123456
[2020-10-13T22:10:49.147] [DEBUG] cheese - admin
[2020-10-13T22:10:49.150] [DEBUG] cheese - null
[2020-10-13T22:10:49.150] [DEBUG] cheese - null
[2020-10-14T13:51:33.357] [DEBUG] cheese - login => username:admin,password:123456
[2020-10-14T13:51:33.362] [DEBUG] cheese - admin
[2020-10-14T13:51:33.378] [DEBUG] cheese - null
[2020-10-14T13:51:33.378] [DEBUG] cheese - null
[2020-10-14T13:51:44.289] [DEBUG] cheese - login => username:admin,password:123456
[2020-10-14T13:51:44.289] [DEBUG] cheese - admin
[2020-10-14T13:51:44.291] [DEBUG] cheese - null
[2020-10-14T13:51:44.291] [DEBUG] cheese - null
[2020-10-14T13:54:52.992] [DEBUG] cheese - login => username:admin,password:123456
[2020-10-14T13:54:52.992] [DEBUG] cheese - admin
[2020-10-14T13:54:52.994] [DEBUG] cheese - null
[2020-10-14T13:54:52.994] [DEBUG] cheese - null
[2020-10-14T14:03:34.454] [DEBUG] cheese - login => username:admin,password:123456
[2020-10-14T14:03:34.454] [DEBUG] cheese - admin
[2020-10-14T14:03:34.457] [DEBUG] cheese - null
[2020-10-14T14:03:34.457] [DEBUG] cheese - null
[2020-10-14T14:03:55.617] [DEBUG] cheese - login => username:admin,password:123456
[2020-10-14T14:03:55.618] [DEBUG] cheese - admin
[2020-10-14T14:03:55.620] [DEBUG] cheese - null
[2020-10-14T14:03:55.620] [DEBUG] cheese - null
[2020-10-14T14:10:07.554] [DEBUG] cheese - login => username:admin,password:123456
[2020-10-14T14:10:07.554] [DEBUG] cheese - admin
[2020-10-14T14:10:07.557] [DEBUG] cheese - null
[2020-10-14T14:10:07.557] [DEBUG] cheese - null
[2020-10-14T15:29:44.571] [DEBUG] cheese - login => username:admin,password:123456
[2020-10-14T15:29:44.571] [DEBUG] cheese - admin
[2020-10-14T15:29:44.573] [DEBUG] cheese - null
[2020-10-14T15:29:44.574] [DEBUG] cheese - null
[2020-10-14T19:45:48.720] [DEBUG] cheese - login => username:admin,password:123456
[2020-10-14T19:45:48.720] [DEBUG] cheese - admin
[2020-10-14T19:45:48.723] [DEBUG] cheese - null
[2020-10-14T19:45:48.723] [DEBUG] cheese - null
[2020-10-14T19:45:56.338] [DEBUG] cheese - login => username:admin,password:123456
[2020-10-14T19:45:56.338] [DEBUG] cheese - admin
[2020-10-14T19:45:56.341] [DEBUG] cheese - null
[2020-10-14T19:45:56.341] [DEBUG] cheese - null
[2020-10-14T20:39:57.842] [DEBUG] cheese - login => username:admin,password:123456
[2020-10-14T20:39:57.842] [DEBUG] cheese - admin
[2020-10-14T20:39:57.847] [DEBUG] cheese - null
[2020-10-14T20:39:57.847] [DEBUG] cheese - null
[2020-10-14T22:23:03.839] [DEBUG] cheese - login => username:admin,password:123456
[2020-10-14T22:23:03.839] [DEBUG] cheese - admin
[2020-10-14T22:23:03.842] [DEBUG] cheese - null
[2020-10-14T22:23:03.842] [DEBUG] cheese - null
[2020-10-14T22:26:39.226] [DEBUG] cheese - login => username:admin,password:123456
[2020-10-14T22:26:39.226] [DEBUG] cheese - admin
[2020-10-14T22:26:39.229] [DEBUG] cheese - null
[2020-10-14T22:26:39.229] [DEBUG] cheese - null
[2020-10-14T22:37:51.001] [DEBUG] cheese - login => username:admin,password:123456
[2020-10-14T22:37:51.001] [DEBUG] cheese - admin
[2020-10-14T22:37:51.003] [DEBUG] cheese - null
[2020-10-14T22:37:51.003] [DEBUG] cheese - null
[2020-10-15T17:32:13.640] [DEBUG] cheese - login => username:admin,password:123456
[2020-10-15T17:32:13.641] [DEBUG] cheese - admin
[2020-10-15T17:32:13.653] [DEBUG] cheese - null
[2020-10-15T17:32:13.653] [DEBUG] cheese - null
[2020-10-15T17:32:50.775] [DEBUG] cheese - login => username:admin,password:123456
[2020-10-15T17:32:50.775] [DEBUG] cheese - admin
[2020-10-15T17:32:50.778] [DEBUG] cheese - null
[2020-10-15T17:32:50.778] [DEBUG] cheese - null
[2020-10-15T17:35:13.258] [DEBUG] cheese - login => username:admin,password:123456
[2020-10-15T17:35:13.258] [DEBUG] cheese - admin
[2020-10-15T17:35:13.261] [DEBUG] cheese - null
[2020-10-15T17:35:13.261] [DEBUG] cheese - null
[2020-10-15T17:39:09.785] [DEBUG] cheese - login => username:admin,password:123456
[2020-10-15T17:39:09.785] [DEBUG] cheese - admin
[2020-10-15T17:39:09.787] [DEBUG] cheese - null
[2020-10-15T17:39:09.787] [DEBUG] cheese - null
[2020-10-15T17:39:58.039] [DEBUG] cheese - login => username:admin,password:123456
[2020-10-15T17:39:58.039] [DEBUG] cheese - admin
[2020-10-15T17:39:58.041] [DEBUG] cheese - null
[2020-10-15T17:39:58.041] [DEBUG] cheese - null
[2020-10-15T17:40:01.922] [DEBUG] cheese - login => username:admin1,password:123456
[2020-10-15T17:40:01.922] [DEBUG] cheese - admin1
[2020-10-15T17:40:01.926] [DEBUG] cheese - null
[2020-10-15T17:40:01.926] [DEBUG] cheese - null
[2020-10-15T17:40:05.037] [DEBUG] cheese - login => username:admin1,password:123456
[2020-10-15T17:40:05.037] [DEBUG] cheese - admin1
[2020-10-15T17:40:05.039] [DEBUG] cheese - null
[2020-10-15T17:40:05.039] [DEBUG] cheese - null
[2020-10-15T17:40:05.365] [DEBUG] cheese - login => username:admin1,password:123456
[2020-10-15T17:40:05.365] [DEBUG] cheese - admin1
[2020-10-15T17:40:05.367] [DEBUG] cheese - null
[2020-10-15T17:40:05.367] [DEBUG] cheese - null
[2020-10-15T17:40:05.526] [DEBUG] cheese - login => username:admin1,password:123456
[2020-10-15T17:40:05.526] [DEBUG] cheese - admin1
[2020-10-15T17:40:05.528] [DEBUG] cheese - null
[2020-10-15T17:40:05.528] [DEBUG] cheese - null
[2020-10-15T17:40:05.689] [DEBUG] cheese - login => username:admin1,password:123456
[2020-10-15T17:40:05.689] [DEBUG] cheese - admin1
[2020-10-15T17:40:05.691] [DEBUG] cheese - null
[2020-10-15T17:40:05.691] [DEBUG] cheese - null
[2020-10-15T17:40:05.860] [DEBUG] cheese - login => username:admin1,password:123456
[2020-10-15T17:40:05.860] [DEBUG] cheese - admin1
[2020-10-15T17:40:05.863] [DEBUG] cheese - null
[2020-10-15T17:40:05.863] [DEBUG] cheese - null
[2020-10-15T17:41:08.955] [DEBUG] cheese - login => username:admin,password:123456
[2020-10-15T17:41:08.955] [DEBUG] cheese - admin
[2020-10-15T17:41:08.957] [DEBUG] cheese - null
[2020-10-15T17:41:08.957] [DEBUG] cheese - null
[2020-10-15T17:41:09.634] [DEBUG] cheese - login => username:admin,password:123456
[2020-10-15T17:41:09.634] [DEBUG] cheese - admin
[2020-10-15T17:41:09.638] [DEBUG] cheese - null
[2020-10-15T17:41:09.638] [DEBUG] cheese - null
[2020-10-15T17:41:09.950] [DEBUG] cheese - login => username:admin,password:123456
[2020-10-15T17:41:09.950] [DEBUG] cheese - admin
[2020-10-15T17:41:09.953] [DEBUG] cheese - null
[2020-10-15T17:41:09.954] [DEBUG] cheese - null
[2020-10-15T17:41:10.114] [DEBUG] cheese - login => username:admin,password:123456
[2020-10-15T17:41:10.115] [DEBUG] cheese - admin
[2020-10-15T17:41:10.116] [DEBUG] cheese - null
[2020-10-15T17:41:10.117] [DEBUG] cheese - null
[2020-10-15T17:41:10.289] [DEBUG] cheese - login => username:admin,password:123456
[2020-10-15T17:41:10.289] [DEBUG] cheese - admin
[2020-10-15T17:41:10.290] [DEBUG] cheese - null
[2020-10-15T17:41:10.291] [DEBUG] cheese - null
[2020-10-15T17:41:12.817] [DEBUG] cheese - login => username:admin,password:123456
[2020-10-15T17:41:12.817] [DEBUG] cheese - admin
[2020-10-15T17:41:12.818] [DEBUG] cheese - null
[2020-10-15T17:41:12.818] [DEBUG] cheese - null
[2020-10-15T17:41:13.635] [DEBUG] cheese - login => username:admin,password:123456
[2020-10-15T17:41:13.636] [DEBUG] cheese - admin
[2020-10-15T17:41:13.638] [DEBUG] cheese - null
[2020-10-15T17:41:13.638] [DEBUG] cheese - null
[2020-10-15T17:41:14.027] [DEBUG] cheese - login => username:admin,password:123456
[2020-10-15T17:41:14.027] [DEBUG] cheese - admin
[2020-10-15T17:41:14.029] [DEBUG] cheese - null
[2020-10-15T17:41:14.030] [DEBUG] cheese - null
[2020-10-15T17:41:14.212] [DEBUG] cheese - login => username:admin,password:123456
[2020-10-15T17:41:14.212] [DEBUG] cheese - admin
[2020-10-15T17:41:14.223] [DEBUG] cheese - null
[2020-10-15T17:41:14.224] [DEBUG] cheese - null
[2020-10-15T17:41:55.250] [DEBUG] cheese - login => username:admin,password:123456
[2020-10-15T17:41:55.252] [DEBUG] cheese - admin
[2020-10-15T17:41:55.260] [DEBUG] cheese - null
[2020-10-15T17:41:55.260] [DEBUG] cheese - null
[2020-10-15T17:42:00.693] [DEBUG] cheese - login => username:admin,password:123456
[2020-10-15T17:42:00.694] [DEBUG] cheese - admin
[2020-10-15T17:42:00.696] [DEBUG] cheese - null
[2020-10-15T17:42:00.696] [DEBUG] cheese - null
[2020-10-15T17:42:01.595] [DEBUG] cheese - login => username:admin,password:123456
[2020-10-15T17:42:01.596] [DEBUG] cheese - admin
[2020-10-15T17:42:01.599] [DEBUG] cheese - null
[2020-10-15T17:42:01.599] [DEBUG] cheese - null
[2020-10-15T17:42:01.912] [DEBUG] cheese - login => username:admin,password:123456
[2020-10-15T17:42:01.912] [DEBUG] cheese - admin
[2020-10-15T17:42:01.914] [DEBUG] cheese - null
[2020-10-15T17:42:01.915] [DEBUG] cheese - null
[2020-10-15T17:42:04.914] [DEBUG] cheese - login => username:admin,password:123456
[2020-10-15T17:42:04.914] [DEBUG] cheese - admin
[2020-10-15T17:42:04.917] [DEBUG] cheese - null
[2020-10-15T17:42:04.917] [DEBUG] cheese - null
[2020-10-15T17:42:05.629] [DEBUG] cheese - login => username:admin,password:123456
[2020-10-15T17:42:05.629] [DEBUG] cheese - admin
[2020-10-15T17:42:05.632] [DEBUG] cheese - null
[2020-10-15T17:42:05.632] [DEBUG] cheese - null
[2020-10-15T17:42:05.983] [DEBUG] cheese - login => username:admin,password:123456
[2020-10-15T17:42:05.983] [DEBUG] cheese - admin
[2020-10-15T17:42:05.985] [DEBUG] cheese - null
[2020-10-15T17:42:05.985] [DEBUG] cheese - null
[2020-10-15T17:42:06.154] [DEBUG] cheese - login => username:admin,password:123456
[2020-10-15T17:42:06.154] [DEBUG] cheese - admin
[2020-10-15T17:42:06.156] [DEBUG] cheese - null
[2020-10-15T17:42:06.157] [DEBUG] cheese - null
[2020-10-15T17:43:07.049] [DEBUG] cheese - login => username:admin,password:123456
[2020-10-15T17:43:07.049] [DEBUG] cheese - admin
[2020-10-15T17:43:07.051] [DEBUG] cheese - null
[2020-10-15T17:43:07.051] [DEBUG] cheese - null
[2020-10-15T17:43:07.999] [DEBUG] cheese - login => username:admin,password:123456
[2020-10-15T17:43:07.999] [DEBUG] cheese - admin
[2020-10-15T17:43:08.003] [DEBUG] cheese - null
[2020-10-15T17:43:08.003] [DEBUG] cheese - null
[2020-10-15T17:43:08.173] [DEBUG] cheese - login => username:admin,password:123456
[2020-10-15T17:43:08.173] [DEBUG] cheese - admin
[2020-10-15T17:43:08.178] [DEBUG] cheese - null
[2020-10-15T17:43:08.178] [DEBUG] cheese - null
[2020-10-15T17:43:40.440] [DEBUG] cheese - login => username:admin,password:123456
[2020-10-15T17:43:40.441] [DEBUG] cheese - admin
[2020-10-15T17:43:40.443] [DEBUG] cheese - null
[2020-10-15T17:43:40.444] [DEBUG] cheese - null
[2020-10-15T17:43:41.120] [DEBUG] cheese - login => username:admin,password:123456
[2020-10-15T17:43:41.120] [DEBUG] cheese - admin
[2020-10-15T17:43:41.122] [DEBUG] cheese - null
[2020-10-15T17:43:41.122] [DEBUG] cheese - null
[2020-10-15T17:43:53.214] [DEBUG] cheese - login => username:admin,password:123456
[2020-10-15T17:43:53.214] [DEBUG] cheese - admin
[2020-10-15T17:43:53.217] [DEBUG] cheese - null
[2020-10-15T17:43:53.217] [DEBUG] cheese - null
[2020-10-15T17:43:53.864] [DEBUG] cheese - login => username:admin,password:123456
[2020-10-15T17:43:53.864] [DEBUG] cheese - admin
[2020-10-15T17:43:53.867] [DEBUG] cheese - null
[2020-10-15T17:43:53.867] [DEBUG] cheese - null
[2020-10-15T17:43:54.065] [DEBUG] cheese - login => username:admin,password:123456
[2020-10-15T17:43:54.065] [DEBUG] cheese - admin
[2020-10-15T17:43:54.070] [DEBUG] cheese - null
[2020-10-15T17:43:54.070] [DEBUG] cheese - null
[2020-10-15T17:43:54.241] [DEBUG] cheese - login => username:admin,password:123456
[2020-10-15T17:43:54.241] [DEBUG] cheese - admin
[2020-10-15T17:43:54.243] [DEBUG] cheese - null
[2020-10-15T17:43:54.243] [DEBUG] cheese - null
[2020-10-15T17:43:54.571] [DEBUG] cheese - login => username:admin,password:123456
[2020-10-15T17:43:54.571] [DEBUG] cheese - admin
[2020-10-15T17:43:54.573] [DEBUG] cheese - null
[2020-10-15T17:43:54.573] [DEBUG] cheese - null
[2020-10-15T23:19:33.812] [DEBUG] cheese - login => username:admin,password:123456
[2020-10-15T23:19:33.815] [DEBUG] cheese - admin
[2020-10-15T23:19:33.827] [DEBUG] cheese - null
[2020-10-15T23:19:33.828] [DEBUG] cheese - null
[2020-10-15T23:20:08.117] [DEBUG] cheese - login => username:admin,password:123456
[2020-10-15T23:20:08.117] [DEBUG] cheese - admin
[2020-10-15T23:20:08.120] [DEBUG] cheese - null
[2020-10-15T23:20:08.120] [DEBUG] cheese - null
[2020-10-15T23:20:09.875] [DEBUG] cheese - login => username:admin,password:123456
[2020-10-15T23:20:09.876] [DEBUG] cheese - admin
[2020-10-15T23:20:09.878] [DEBUG] cheese - null
[2020-10-15T23:20:09.878] [DEBUG] cheese - null
[2020-10-15T23:20:10.770] [DEBUG] cheese - login => username:admin,password:123456
[2020-10-15T23:20:10.771] [DEBUG] cheese - admin
[2020-10-15T23:20:10.773] [DEBUG] cheese - null
[2020-10-15T23:20:10.773] [DEBUG] cheese - null
[2020-10-15T23:20:11.193] [DEBUG] cheese - login => username:admin,password:123456
[2020-10-15T23:20:11.193] [DEBUG] cheese - admin
[2020-10-15T23:20:11.195] [DEBUG] cheese - null
[2020-10-15T23:20:11.195] [DEBUG] cheese - null
[2020-10-15T23:20:11.370] [DEBUG] cheese - login => username:admin,password:123456
[2020-10-15T23:20:11.371] [DEBUG] cheese - admin
[2020-10-15T23:20:11.373] [DEBUG] cheese - null
[2020-10-15T23:20:11.373] [DEBUG] cheese - null
[2020-10-15T23:20:11.537] [DEBUG] cheese - login => username:admin,password:123456
[2020-10-15T23:20:11.537] [DEBUG] cheese - admin
[2020-10-15T23:20:11.540] [DEBUG] cheese - null
[2020-10-15T23:20:11.540] [DEBUG] cheese - null
[2020-10-15T23:20:11.699] [DEBUG] cheese - login => username:admin,password:123456
[2020-10-15T23:20:11.699] [DEBUG] cheese - admin
[2020-10-15T23:20:11.701] [DEBUG] cheese - null
[2020-10-15T23:20:11.701] [DEBUG] cheese - null
[2020-10-15T23:20:11.877] [DEBUG] cheese - login => username:admin,password:123456
[2020-10-15T23:20:11.877] [DEBUG] cheese - admin
[2020-10-15T23:20:11.880] [DEBUG] cheese - null
[2020-10-15T23:20:11.880] [DEBUG] cheese - null
[2020-10-15T23:20:12.034] [DEBUG] cheese - login => username:admin,password:123456
[2020-10-15T23:20:12.034] [DEBUG] cheese - admin
[2020-10-15T23:20:12.038] [DEBUG] cheese - null
[2020-10-15T23:20:12.039] [DEBUG] cheese - null
[2020-10-15T23:25:12.244] [DEBUG] cheese - login => username:admin,password:123456
[2020-10-15T23:25:12.244] [DEBUG] cheese - admin
[2020-10-15T23:25:12.246] [DEBUG] cheese - null
[2020-10-15T23:25:12.246] [DEBUG] cheese - null
[2020-10-15T23:34:47.315] [DEBUG] cheese - login => username:admin,password:123456
[2020-10-15T23:34:47.315] [DEBUG] cheese - admin
[2020-10-15T23:34:47.318] [DEBUG] cheese - null
[2020-10-15T23:34:47.318] [DEBUG] cheese - null
[2020-10-15T23:35:19.671] [DEBUG] cheese - login => username:admin,password:123456
[2020-10-15T23:35:19.671] [DEBUG] cheese - admin
[2020-10-15T23:35:19.674] [DEBUG] cheese - null
[2020-10-15T23:35:19.674] [DEBUG] cheese - null
[2020-10-15T23:35:41.574] [DEBUG] cheese - login => username:admin,password:123456
[2020-10-15T23:35:41.574] [DEBUG] cheese - admin
[2020-10-15T23:35:41.576] [DEBUG] cheese - null
[2020-10-15T23:35:41.576] [DEBUG] cheese - null
[2020-10-15T23:35:52.166] [DEBUG] cheese - login => username:admin,password:123456
[2020-10-15T23:35:52.166] [DEBUG] cheese - admin
[2020-10-15T23:35:52.168] [DEBUG] cheese - null
[2020-10-15T23:35:52.169] [DEBUG] cheese - null
[2020-10-15T23:37:40.422] [DEBUG] cheese - login => username:admin,password:123456
[2020-10-15T23:37:40.423] [DEBUG] cheese - admin
[2020-10-15T23:37:40.425] [DEBUG] cheese - null
[2020-10-15T23:37:40.425] [DEBUG] cheese - null
[2020-10-16T00:02:09.643] [DEBUG] cheese - login => username:admin,password:123456
[2020-10-16T00:02:09.643] [DEBUG] cheese - admin
[2020-10-16T00:02:09.646] [DEBUG] cheese - null
[2020-10-16T00:02:09.646] [DEBUG] cheese - null
[2020-10-16T00:02:17.313] [DEBUG] cheese - login => username:admin,password:123456
[2020-10-16T00:02:17.313] [DEBUG] cheese - admin
[2020-10-16T00:02:17.318] [DEBUG] cheese - null
[2020-10-16T00:02:17.318] [DEBUG] cheese - null
[2020-10-16T00:03:04.042] [DEBUG] cheese - login => username:admin,password:123456
[2020-10-16T00:03:04.042] [DEBUG] cheese - admin
[2020-10-16T00:03:04.046] [DEBUG] cheese - null
[2020-10-16T00:03:04.046] [DEBUG] cheese - null
[2020-10-16T00:03:09.512] [DEBUG] cheese - login => username:admin,password:123456
[2020-10-16T00:03:09.512] [DEBUG] cheese - admin
[2020-10-16T00:03:09.515] [DEBUG] cheese - null
[2020-10-16T00:03:09.515] [DEBUG] cheese - null
[2020-10-16T00:03:45.615] [DEBUG] cheese - login => username:admin,password:123456
[2020-10-16T00:03:45.615] [DEBUG] cheese - admin
[2020-10-16T00:03:45.618] [DEBUG] cheese - null
[2020-10-16T00:03:45.618] [DEBUG] cheese - null
[2020-10-16T00:03:59.278] [DEBUG] cheese - login => username:admin,password:123456
[2020-10-16T00:03:59.278] [DEBUG] cheese - admin
[2020-10-16T00:03:59.280] [DEBUG] cheese - null
[2020-10-16T00:03:59.281] [DEBUG] cheese - null
[2020-10-16T00:21:45.702] [DEBUG] cheese - login => username:admin,password:123456
[2020-10-16T00:21:45.703] [DEBUG] cheese - admin
[2020-10-16T00:21:45.705] [DEBUG] cheese - null
[2020-10-16T00:21:45.705] [DEBUG] cheese - null
[2020-10-16T00:21:53.736] [DEBUG] cheese - login => username:admin,password:123456
[2020-10-16T00:21:53.736] [DEBUG] cheese - admin
[2020-10-16T00:21:53.739] [DEBUG] cheese - null
[2020-10-16T00:21:53.739] [DEBUG] cheese - null
[2020-10-16T00:28:56.123] [DEBUG] cheese - login => username:admin,password:123456
[2020-10-16T00:28:56.123] [DEBUG] cheese - admin
[2020-10-16T00:28:56.125] [DEBUG] cheese - null
[2020-10-16T00:28:56.125] [DEBUG] cheese - null
[2020-10-16T00:34:32.783] [DEBUG] cheese - login => username:admin,password:123456
[2020-10-16T00:34:32.783] [DEBUG] cheese - admin
[2020-10-16T00:34:32.786] [DEBUG] cheese - null
[2020-10-16T00:34:32.786] [DEBUG] cheese - null
[2020-10-16T00:35:26.734] [DEBUG] cheese - login => username:admin,password:123456
[2020-10-16T00:35:26.734] [DEBUG] cheese - admin
[2020-10-16T00:35:26.736] [DEBUG] cheese - null
[2020-10-16T00:35:26.736] [DEBUG] cheese - null
[2020-10-16T00:35:28.696] [DEBUG] cheese - login => username:admin,password:123456
[2020-10-16T00:35:28.696] [DEBUG] cheese - admin
[2020-10-16T00:35:28.699] [DEBUG] cheese - null
[2020-10-16T00:35:28.699] [DEBUG] cheese - null
[2020-10-16T00:41:29.247] [DEBUG] cheese - login => username:admin,password:123456
[2020-10-16T00:41:29.248] [DEBUG] cheese - admin
[2020-10-16T00:41:29.250] [DEBUG] cheese - null
[2020-10-16T00:41:29.250] [DEBUG] cheese - null
[2020-10-16T13:01:45.075] [DEBUG] cheese - login => username:admin,password:123456
[2020-10-16T13:01:45.078] [DEBUG] cheese - admin
[2020-10-16T13:01:45.091] [DEBUG] cheese - null
[2020-10-16T13:01:45.092] [DEBUG] cheese - null
[2020-10-16T14:11:14.483] [DEBUG] cheese - login => username:admin,password:123456
[2020-10-16T14:11:14.484] [DEBUG] cheese - admin
[2020-10-16T14:11:14.492] [DEBUG] cheese - null
[2020-10-16T14:11:14.492] [DEBUG] cheese - null
[2020-10-16T14:21:32.093] [DEBUG] cheese - login => username:admin,password:123456
[2020-10-16T14:21:32.094] [DEBUG] cheese - admin
[2020-10-16T14:21:32.096] [DEBUG] cheese - null
[2020-10-16T14:21:32.097] [DEBUG] cheese - null
[2020-10-16T15:30:09.274] [DEBUG] cheese - login => username:admin,password:123456
[2020-10-16T15:30:09.275] [DEBUG] cheese - admin
[2020-10-16T15:30:09.280] [DEBUG] cheese - null
[2020-10-16T15:30:09.280] [DEBUG] cheese - null
[2020-10-16T17:11:44.241] [DEBUG] cheese - login => username:admin,password:123456
[2020-10-16T17:11:44.241] [DEBUG] cheese - admin
[2020-10-16T17:11:44.245] [DEBUG] cheese - null
[2020-10-16T17:11:44.245] [DEBUG] cheese - null
[2020-10-16T17:13:13.764] [DEBUG] cheese - login => username:admin,password:123456
[2020-10-16T17:13:13.764] [DEBUG] cheese - admin
[2020-10-16T17:13:13.766] [DEBUG] cheese - null
[2020-10-16T17:13:13.766] [DEBUG] cheese - null
[2020-10-16T17:13:22.779] [DEBUG] cheese - login => username:admin,password:123456
[2020-10-16T17:13:22.780] [DEBUG] cheese - admin
[2020-10-16T17:13:22.782] [DEBUG] cheese - null
[2020-10-16T17:13:22.782] [DEBUG] cheese - null
[2020-10-16T17:14:06.985] [DEBUG] cheese - login => username:admin,password:123456
[2020-10-16T17:14:06.985] [DEBUG] cheese - admin
[2020-10-16T17:14:06.987] [DEBUG] cheese - null
[2020-10-16T17:14:06.987] [DEBUG] cheese - null
[2020-10-16T17:17:03.903] [DEBUG] cheese - login => username:admin,password:123456
[2020-10-16T17:17:03.903] [DEBUG] cheese - admin
[2020-10-16T17:17:03.906] [DEBUG] cheese - null
[2020-10-16T17:17:03.906] [DEBUG] cheese - null
[2020-10-16T21:48:01.230] [DEBUG] cheese - login => username:admin,password:123456
[2020-10-16T21:48:01.230] [DEBUG] cheese - admin
[2020-10-16T21:48:01.234] [DEBUG] cheese - null
[2020-10-16T21:48:01.234] [DEBUG] cheese - null
[2020-10-16T23:46:10.642] [DEBUG] cheese - login => username:admin,password:123456
[2020-10-16T23:46:10.643] [DEBUG] cheese - admin
[2020-10-16T23:46:10.649] [DEBUG] cheese - null
[2020-10-16T23:46:10.649] [DEBUG] cheese - null
[2020-10-17T00:40:35.023] [DEBUG] cheese - login => username:admin,password:123456
[2020-10-17T00:40:35.023] [DEBUG] cheese - admin
[2020-10-17T00:40:35.025] [DEBUG] cheese - null
[2020-10-17T00:40:35.025] [DEBUG] cheese - null
[2020-10-17T00:40:43.150] [DEBUG] cheese - login => username:admin,password:123456
[2020-10-17T00:40:43.150] [DEBUG] cheese - admin
[2020-10-17T00:40:43.152] [DEBUG] cheese - null
[2020-10-17T00:40:43.152] [DEBUG] cheese - null
[2020-10-17T11:20:56.787] [DEBUG] cheese - login => username:admin,password:123456
[2020-10-17T11:20:56.788] [DEBUG] cheese - admin
[2020-10-17T11:20:56.805] [DEBUG] cheese - null
[2020-10-17T11:20:56.806] [DEBUG] cheese - null
[2020-10-17T14:01:59.214] [DEBUG] cheese - login => username:admin,password:123456
[2020-10-17T14:01:59.215] [DEBUG] cheese - admin
[2020-10-17T14:01:59.217] [DEBUG] cheese - null
[2020-10-17T14:01:59.217] [DEBUG] cheese - null
[2020-10-18T13:01:06.692] [DEBUG] cheese - login => username:admin,password:123456
[2020-10-18T13:01:06.693] [DEBUG] cheese - admin
[2020-10-18T13:01:06.708] [DEBUG] cheese - null
[2020-10-18T13:01:06.709] [DEBUG] cheese - null
[2020-10-18T13:41:08.835] [DEBUG] cheese - login => username:admin,password:123456
[2020-10-18T13:41:08.836] [DEBUG] cheese - admin
[2020-10-18T13:41:08.844] [DEBUG] cheese - null
[2020-10-18T13:41:08.844] [DEBUG] cheese - null
[2020-10-18T13:48:52.267] [DEBUG] cheese - login => username:admin,password:123456
[2020-10-18T13:48:52.267] [DEBUG] cheese - admin
[2020-10-18T13:48:52.269] [DEBUG] cheese - null
[2020-10-18T13:48:52.269] [DEBUG] cheese - null
[2020-10-18T16:45:25.176] [DEBUG] cheese - login => username:admin,password:123456
[2020-10-18T16:45:25.176] [DEBUG] cheese - admin
[2020-10-18T16:45:25.178] [DEBUG] cheese - null
[2020-10-18T16:45:25.178] [DEBUG] cheese - null
[2020-10-18T16:45:49.280] [DEBUG] cheese - login => username:admin,password:123456
[2020-10-18T16:45:49.280] [DEBUG] cheese - admin
[2020-10-18T16:45:49.282] [DEBUG] cheese - null
[2020-10-18T16:45:49.282] [DEBUG] cheese - null
[2020-10-18T16:46:43.634] [DEBUG] cheese - login => username:admin,password:123456
[2020-10-18T16:46:43.634] [DEBUG] cheese - admin
[2020-10-18T16:46:43.636] [DEBUG] cheese - null
[2020-10-18T16:46:43.636] [DEBUG] cheese - null
[2020-10-18T16:48:45.950] [DEBUG] cheese - login => username:admin,password:123456
[2020-10-18T16:48:45.950] [DEBUG] cheese - admin
[2020-10-18T16:48:45.953] [DEBUG] cheese - null
[2020-10-18T16:48:45.953] [DEBUG] cheese - null
[2020-10-18T16:50:00.630] [DEBUG] cheese - login => username:admin,password:123456
[2020-10-18T16:50:00.630] [DEBUG] cheese - admin
[2020-10-18T16:50:00.632] [DEBUG] cheese - null
[2020-10-18T16:50:00.632] [DEBUG] cheese - null
[2020-10-18T21:49:18.823] [DEBUG] cheese - login => username:admin,password:123456
[2020-10-18T21:49:18.824] [DEBUG] cheese - admin
[2020-10-18T21:49:18.834] [DEBUG] cheese - null
[2020-10-18T21:49:18.834] [DEBUG] cheese - null
[2020-10-18T21:49:30.020] [DEBUG] cheese - login => username:admin,password:123456
[2020-10-18T21:49:30.020] [DEBUG] cheese - admin
[2020-10-18T21:49:30.022] [DEBUG] cheese - null
[2020-10-18T21:49:30.022] [DEBUG] cheese - null
[2020-10-18T21:49:40.154] [DEBUG] cheese - login => username:admin,password:123456
[2020-10-18T21:49:40.154] [DEBUG] cheese - admin
[2020-10-18T21:49:40.157] [DEBUG] cheese - null
[2020-10-18T21:49:40.157] [DEBUG] cheese - null
[2020-10-18T22:55:35.140] [DEBUG] cheese - login => username:admin,password:123456
[2020-10-18T22:55:35.140] [DEBUG] cheese - admin
[2020-10-18T22:55:35.142] [DEBUG] cheese - null
[2020-10-18T22:55:35.142] [DEBUG] cheese - null
[2020-10-19T08:14:28.219] [DEBUG] cheese - login => username:admin,password:123456
[2020-10-19T08:14:28.220] [DEBUG] cheese - admin
[2020-10-19T08:14:28.237] [DEBUG] cheese - null
[2020-10-19T08:14:28.237] [DEBUG] cheese - null
[2020-10-19T11:24:18.400] [DEBUG] cheese - login => username:admin,password:123456
[2020-10-19T11:24:18.400] [DEBUG] cheese - admin
[2020-10-19T11:24:18.402] [DEBUG] cheese - null
[2020-10-19T11:24:18.402] [DEBUG] cheese - null
[2020-10-19T16:06:19.385] [DEBUG] cheese - login => username:admin,password:123456
[2020-10-19T16:06:19.386] [DEBUG] cheese - admin
[2020-10-19T16:06:19.396] [DEBUG] cheese - null
[2020-10-19T16:06:19.396] [DEBUG] cheese - null
[2020-10-19T22:04:57.767] [DEBUG] cheese - login => username:admin,password:123456
[2020-10-19T22:04:57.769] [DEBUG] cheese - admin
[2020-10-19T22:04:57.777] [DEBUG] cheese - null
[2020-10-19T22:04:57.777] [DEBUG] cheese - null
[2020-10-19T23:15:19.421] [DEBUG] cheese - login => username:admin,password:123456
[2020-10-19T23:15:19.421] [DEBUG] cheese - admin
[2020-10-19T23:15:19.426] [DEBUG] cheese - null
[2020-10-19T23:15:19.426] [DEBUG] cheese - null
[2020-10-20T12:52:46.467] [DEBUG] cheese - login => username:admin,password:123456
[2020-10-20T12:52:46.468] [DEBUG] cheese - admin
[2020-10-20T12:52:46.485] [DEBUG] cheese - null
[2020-10-20T12:52:46.486] [DEBUG] cheese - null
[2020-10-21T14:14:18.676] [DEBUG] cheese - login => username:admin,password:123456
[2020-10-21T14:14:18.677] [DEBUG] cheese - admin
[2020-10-21T14:14:18.686] [DEBUG] cheese - null
[2020-10-21T14:14:18.687] [DEBUG] cheese - null
[2020-10-21T16:28:18.097] [DEBUG] cheese - null
[2020-10-21T16:31:20.811] [DEBUG] cheese - null
[2020-10-21T16:57:00.759] [DEBUG] cheese - null
[2020-10-21T16:57:17.235] [DEBUG] cheese - null
[2020-10-21T16:57:32.061] [DEBUG] cheese - null
[2020-10-21T17:43:30.701] [DEBUG] cheese - login => username:admin,password:123456
[2020-10-21T17:43:30.701] [DEBUG] cheese - admin
[2020-10-21T17:43:30.704] [DEBUG] cheese - null
[2020-10-21T17:43:30.704] [DEBUG] cheese - null
[2020-10-22T13:52:34.120] [DEBUG] cheese - login => username:admin,password:123456
[2020-10-22T13:52:34.121] [DEBUG] cheese - admin
[2020-10-22T13:52:34.137] [DEBUG] cheese - null
[2020-10-22T13:52:34.137] [DEBUG] cheese - null
[2020-10-22T15:19:28.070] [DEBUG] cheese - null
[2020-10-22T15:19:29.957] [DEBUG] cheese - null
[2020-10-23T14:24:51.182] [DEBUG] cheese - login => username:admin,password:123456
[2020-10-23T14:24:51.183] [DEBUG] cheese - admin
[2020-10-23T14:24:51.198] [DEBUG] cheese - null
[2020-10-23T14:24:51.198] [DEBUG] cheese - null
[2020-10-24T10:01:48.787] [DEBUG] cheese - login => username:admin,password:123456
[2020-10-24T10:01:48.790] [DEBUG] cheese - admin
[2020-10-24T10:01:48.819] [DEBUG] cheese - null
[2020-10-24T10:01:48.820] [DEBUG] cheese - null
[2020-10-24T14:15:34.213] [DEBUG] cheese - login => username:admin,password:123456
[2020-10-24T14:15:34.215] [DEBUG] cheese - admin
[2020-10-24T14:15:34.236] [DEBUG] cheese - null
[2020-10-24T14:15:34.237] [DEBUG] cheese - null
[2020-10-24T15:49:25.946] [DEBUG] cheese - login => username:admin,password:123456
[2020-10-24T15:49:25.946] [DEBUG] cheese - admin
[2020-10-24T15:49:25.950] [DEBUG] cheese - null
[2020-10-24T15:49:25.950] [DEBUG] cheese - null
[2020-10-24T16:36:38.647] [DEBUG] cheese - login => username:admin,password:123456
[2020-10-24T16:36:38.647] [DEBUG] cheese - admin
[2020-10-24T16:36:38.650] [DEBUG] cheese - null
[2020-10-24T16:36:38.651] [DEBUG] cheese - null
[2020-10-24T22:34:35.033] [DEBUG] cheese - login => username:admin,password:123456
[2020-10-24T22:34:35.036] [DEBUG] cheese - admin
[2020-10-24T22:34:35.057] [DEBUG] cheese - null
[2020-10-24T22:34:35.057] [DEBUG] cheese - null
[2020-10-25T14:09:33.585] [DEBUG] cheese - login => username:admin,password:123456
[2020-10-25T14:09:33.589] [DEBUG] cheese - admin
[2020-10-25T14:09:33.621] [DEBUG] cheese - null
[2020-10-25T14:09:33.622] [DEBUG] cheese - null
[2020-10-25T19:46:13.857] [DEBUG] cheese - login => username:admin,password:123456
[2020-10-25T19:46:13.858] [DEBUG] cheese - admin
[2020-10-25T19:46:13.870] [DEBUG] cheese - null
[2020-10-25T19:46:13.870] [DEBUG] cheese - null
[2020-10-26T08:21:09.044] [DEBUG] cheese - login => username:admin,password:123456
[2020-10-26T08:21:09.045] [DEBUG] cheese - admin
[2020-10-26T08:21:09.062] [DEBUG] cheese - null
[2020-10-26T08:21:09.062] [DEBUG] cheese - null
[2020-10-26T09:33:18.770] [DEBUG] cheese - null
[2020-10-26T09:33:21.944] [DEBUG] cheese - null
[2020-10-26T09:39:33.781] [DEBUG] cheese - null
[2020-10-26T09:39:39.775] [DEBUG] cheese - null
[2020-10-26T09:40:46.204] [DEBUG] cheese - null
[2020-10-26T09:40:47.674] [DEBUG] cheese - null
[2020-10-26T09:40:48.920] [DEBUG] cheese - null
[2020-10-26T09:40:51.138] [DEBUG] cheese - null
[2020-10-26T09:40:54.747] [DEBUG] cheese - null
[2020-10-26T09:45:54.021] [DEBUG] cheese - null
[2020-10-26T09:45:55.843] [DEBUG] cheese - null
[2020-10-26T09:48:35.737] [DEBUG] cheese - login => username:admin,password:123456
[2020-10-26T09:48:35.738] [DEBUG] cheese - admin
[2020-10-26T09:48:35.739] [DEBUG] cheese - null
[2020-10-26T09:48:35.740] [DEBUG] cheese - null
[2020-10-26T19:12:57.556] [DEBUG] cheese - login => username:admin,password:123456
[2020-10-26T19:12:57.557] [DEBUG] cheese - admin
[2020-10-26T19:12:57.579] [DEBUG] cheese - null
[2020-10-26T19:12:57.580] [DEBUG] cheese - null
[2020-10-27T19:24:44.239] [DEBUG] cheese - login => username:admin,password:123456
[2020-10-27T19:24:44.240] [DEBUG] cheese - admin
[2020-10-27T19:24:44.250] [DEBUG] cheese - null
[2020-10-27T19:24:44.250] [DEBUG] cheese - null
[2020-10-28T13:53:14.197] [DEBUG] cheese - login => username:admin,password:123456
[2020-10-28T13:53:14.198] [DEBUG] cheese - admin
[2020-10-28T13:53:14.226] [DEBUG] cheese - null
[2020-10-28T13:53:14.226] [DEBUG] cheese - null
[2020-10-28T14:10:25.875] [DEBUG] cheese - login => username:admin,password:123456
[2020-10-28T14:10:25.875] [DEBUG] cheese - admin
[2020-10-28T14:10:25.878] [DEBUG] cheese - null
[2020-10-28T14:10:25.878] [DEBUG] cheese - null
[2020-10-28T22:29:57.837] [DEBUG] cheese - login => username:admin,password:123456
[2020-10-28T22:29:57.839] [DEBUG] cheese - admin
[2020-10-28T22:29:57.851] [DEBUG] cheese - null
[2020-10-28T22:29:57.852] [DEBUG] cheese - null
[2020-10-29T14:04:54.100] [DEBUG] cheese - login => username:admin,password:123456
[2020-10-29T14:04:54.102] [DEBUG] cheese - admin
[2020-10-29T14:04:54.123] [DEBUG] cheese - null
[2020-10-29T14:04:54.124] [DEBUG] cheese - null
[2020-10-29T14:29:46.027] [DEBUG] cheese - login => username:admin,password:123456
[2020-10-29T14:29:46.028] [DEBUG] cheese - admin
[2020-10-29T14:29:46.032] [DEBUG] cheese - null
[2020-10-29T14:29:46.033] [DEBUG] cheese - null
[2020-10-29T21:11:52.015] [DEBUG] cheese - login => username:admin,password:123456
[2020-10-29T21:11:52.017] [DEBUG] cheese - admin
[2020-10-29T21:11:52.027] [DEBUG] cheese - null
[2020-10-29T21:11:52.028] [DEBUG] cheese - null
[2020-10-30T12:21:03.548] [DEBUG] cheese - login => username:admin,password:123456
[2020-10-30T12:21:03.549] [DEBUG] cheese - admin
[2020-10-30T12:21:03.570] [DEBUG] cheese - null
[2020-10-30T12:21:03.570] [DEBUG] cheese - null
[2020-10-30T18:51:26.694] [DEBUG] cheese - login => username:admin,password:123456
[2020-10-30T18:51:26.695] [DEBUG] cheese - admin
[2020-10-30T18:51:26.705] [DEBUG] cheese - null
[2020-10-30T18:51:26.705] [DEBUG] cheese - null
[2020-10-30T21:59:05.448] [DEBUG] cheese - login => username:admin,password:123456
[2020-10-30T21:59:05.449] [DEBUG] cheese - admin
[2020-10-30T21:59:05.469] [DEBUG] cheese - null
[2020-10-30T21:59:05.470] [DEBUG] cheese - null
[2020-10-31T14:13:12.409] [DEBUG] cheese - login => username:admin,password:123456
[2020-10-31T14:13:12.410] [DEBUG] cheese - admin
[2020-10-31T14:13:12.430] [DEBUG] cheese - null
[2020-10-31T14:13:12.430] [DEBUG] cheese - null
[2020-11-04T14:24:22.535] [DEBUG] cheese - login => username:admin,password:123456
[2020-11-04T14:24:22.536] [DEBUG] cheese - admin
[2020-11-04T14:24:22.547] [DEBUG] cheese - null
[2020-11-04T14:24:22.547] [DEBUG] cheese - null
[2020-11-04T21:56:34.916] [DEBUG] cheese - login => username:admin,password:123456
[2020-11-04T21:56:34.917] [DEBUG] cheese - admin
[2020-11-04T21:56:34.925] [DEBUG] cheese - null
[2020-11-04T21:56:34.926] [DEBUG] cheese - null
[2020-11-05T21:03:15.340] [DEBUG] cheese - login => username:admin,password:123456
[2020-11-05T21:03:15.342] [DEBUG] cheese - admin
[2020-11-05T21:03:15.362] [DEBUG] cheese - null
[2020-11-05T21:03:15.363] [DEBUG] cheese - null
[2020-11-06T14:50:36.140] [DEBUG] cheese - login => username:admin,password:123456
[2020-11-06T14:50:36.141] [DEBUG] cheese - admin
[2020-11-06T14:50:36.162] [DEBUG] cheese - null
[2020-11-06T14:50:36.162] [DEBUG] cheese - null
[2020-11-06T16:53:04.904] [DEBUG] cheese - login => username:admin,password:123456
[2020-11-06T16:53:04.905] [DEBUG] cheese - admin
[2020-11-06T16:53:04.909] [DEBUG] cheese - null
[2020-11-06T16:53:04.909] [DEBUG] cheese - null
[2020-11-07T20:26:24.974] [DEBUG] cheese - login => username:admin,password:123456
[2020-11-07T20:26:24.975] [DEBUG] cheese - admin
[2020-11-07T20:26:24.986] [DEBUG] cheese - null
[2020-11-07T20:26:24.988] [DEBUG] cheese - null
[2020-11-07T22:25:30.292] [DEBUG] cheese - login => username:admin,password:123456
[2020-11-07T22:25:30.293] [DEBUG] cheese - admin
[2020-11-07T22:25:30.297] [DEBUG] cheese - null
[2020-11-07T22:25:30.298] [DEBUG] cheese - null
[2020-11-08T10:57:06.924] [DEBUG] cheese - login => username:admin,password:123456
[2020-11-08T10:57:06.925] [DEBUG] cheese - admin
[2020-11-08T10:57:06.943] [DEBUG] cheese - null
[2020-11-08T10:57:06.944] [DEBUG] cheese - null
[2020-11-08T10:57:26.690] [DEBUG] cheese - login => username:admin,password:123456
[2020-11-08T10:57:26.691] [DEBUG] cheese - admin
[2020-11-08T10:57:26.692] [DEBUG] cheese - null
[2020-11-08T10:57:26.693] [DEBUG] cheese - null
[2020-11-08T20:46:34.799] [DEBUG] cheese - login => username:admin,password:123456
[2020-11-08T20:46:34.800] [DEBUG] cheese - admin
[2020-11-08T20:46:34.822] [DEBUG] cheese - null
[2020-11-08T20:46:34.823] [DEBUG] cheese - null
[2020-11-08T21:00:05.333] [DEBUG] cheese - login => username:admin,password:123456
[2020-11-08T21:00:05.334] [DEBUG] cheese - admin
[2020-11-08T21:00:05.337] [DEBUG] cheese - null
[2020-11-08T21:00:05.338] [DEBUG] cheese - null
[2020-11-08T23:06:25.844] [DEBUG] cheese - login => username:admin,password:123456
[2020-11-08T23:06:25.846] [DEBUG] cheese - admin
[2020-11-08T23:06:25.852] [DEBUG] cheese - null
[2020-11-08T23:06:25.852] [DEBUG] cheese - null
[2020-11-09T19:46:40.501] [DEBUG] cheese - login => username:admin,password:123456
[2020-11-09T19:46:40.502] [DEBUG] cheese - admin
[2020-11-09T19:46:40.523] [DEBUG] cheese - null
[2020-11-09T19:46:40.524] [DEBUG] cheese - null
[2020-11-09T22:56:42.880] [DEBUG] cheese - login => username:admin,password:123456
[2020-11-09T22:56:42.881] [DEBUG] cheese - admin
[2020-11-09T22:56:42.885] [DEBUG] cheese - null
[2020-11-09T22:56:42.885] [DEBUG] cheese - null
[2020-11-10T15:13:58.943] [DEBUG] cheese - login => username:admin,password:123456
[2020-11-10T15:13:58.944] [DEBUG] cheese - admin
[2020-11-10T15:13:58.965] [DEBUG] cheese - null
[2020-11-10T15:13:58.966] [DEBUG] cheese - null
[2020-11-10T15:44:20.382] [DEBUG] cheese - login => username:admin,password:123456
[2020-11-10T15:44:20.382] [DEBUG] cheese - admin
[2020-11-10T15:44:20.387] [DEBUG] cheese - null
[2020-11-10T15:44:20.387] [DEBUG] cheese - null
[2020-11-11T15:31:45.949] [DEBUG] cheese - login => username:admin,password:123456
[2020-11-11T15:31:45.951] [DEBUG] cheese - admin
[2020-11-11T15:31:45.969] [DEBUG] cheese - null
[2020-11-11T15:31:45.969] [DEBUG] cheese - null
[2020-11-11T23:15:07.897] [DEBUG] cheese - login => username:admin,password:123456
[2020-11-11T23:15:07.898] [DEBUG] cheese - admin
[2020-11-11T23:15:07.911] [DEBUG] cheese - null
[2020-11-11T23:15:07.911] [DEBUG] cheese - null
[2020-11-12T16:17:42.947] [DEBUG] cheese - login => username:admin,password:123456
[2020-11-12T16:17:42.948] [DEBUG] cheese - admin
[2020-11-12T16:17:42.968] [DEBUG] cheese - null
[2020-11-12T16:17:42.968] [DEBUG] cheese - null
[2020-11-12T20:15:49.628] [DEBUG] cheese - login => username:admin,password:123456
[2020-11-12T20:15:49.630] [DEBUG] cheese - admin
[2020-11-12T20:15:49.634] [DEBUG] cheese - null
[2020-11-12T20:15:49.634] [DEBUG] cheese - null
[2020-11-12T23:10:15.450] [DEBUG] cheese - null
[2020-11-12T23:25:45.329] [DEBUG] cheese - login => username:admin,password:123456
[2020-11-12T23:25:45.331] [DEBUG] cheese - admin
[2020-11-12T23:25:45.341] [DEBUG] cheese - null
[2020-11-12T23:25:45.342] [DEBUG] cheese - null
[2020-11-13T11:24:12.385] [DEBUG] cheese - login => username:admin,password:123456
[2020-11-13T11:24:12.386] [DEBUG] cheese - admin
[2020-11-13T11:24:12.406] [DEBUG] cheese - null
[2020-11-13T11:24:12.406] [DEBUG] cheese - null
[2020-11-13T12:26:43.173] [DEBUG] cheese - login => username:admin,password:123456
[2020-11-13T12:26:43.174] [DEBUG] cheese - admin
[2020-11-13T12:26:43.184] [DEBUG] cheese - null
[2020-11-13T12:26:43.185] [DEBUG] cheese - null
[2020-11-13T12:28:19.618] [DEBUG] cheese - login => username:admin,password:123456
[2020-11-13T12:28:19.620] [DEBUG] cheese - admin
[2020-11-13T12:28:19.629] [DEBUG] cheese - null
[2020-11-13T12:28:19.630] [DEBUG] cheese - null
[2020-11-13T15:14:53.023] [DEBUG] cheese - login => username:admin,password:123456
[2020-11-13T15:14:53.026] [DEBUG] cheese - admin
[2020-11-13T15:14:53.037] [DEBUG] cheese - null
[2020-11-13T15:14:53.038] [DEBUG] cheese - null
[2020-11-14T19:35:02.215] [DEBUG] cheese - login => username:admin,password:123456
[2020-11-14T19:35:02.216] [DEBUG] cheese - admin
[2020-11-14T19:35:02.236] [DEBUG] cheese - null
[2020-11-14T19:35:02.236] [DEBUG] cheese - null
[2020-11-14T22:17:04.103] [DEBUG] cheese - login => username:admin,password:123456
[2020-11-14T22:17:04.105] [DEBUG] cheese - admin
[2020-11-14T22:17:04.113] [DEBUG] cheese - null
[2020-11-14T22:17:04.114] [DEBUG] cheese - null
[2020-11-14T22:51:25.096] [DEBUG] cheese - login => username:admin,password:123456
[2020-11-14T22:51:25.096] [DEBUG] cheese - admin
[2020-11-14T22:51:25.098] [DEBUG] cheese - null
[2020-11-14T22:51:25.098] [DEBUG] cheese - null
[2020-11-14T23:39:32.219] [DEBUG] cheese - login => username:admin,password:123456
[2020-11-14T23:39:32.220] [DEBUG] cheese - admin
[2020-11-14T23:39:32.231] [DEBUG] cheese - null
[2020-11-14T23:39:32.232] [DEBUG] cheese - null
[2020-11-14T23:40:05.614] [DEBUG] cheese - login => username:admin,password:123456
[2020-11-14T23:40:05.615] [DEBUG] cheese - admin
[2020-11-14T23:40:05.617] [DEBUG] cheese - null
[2020-11-14T23:40:05.617] [DEBUG] cheese - null
[2020-11-14T23:41:32.421] [DEBUG] cheese - login => username:admin,password:123456
[2020-11-14T23:41:32.422] [DEBUG] cheese - admin
[2020-11-14T23:41:32.423] [DEBUG] cheese - null
[2020-11-14T23:41:32.423] [DEBUG] cheese - null
[2020-12-04T16:37:27.667] [DEBUG] cheese - login => username:admin,password:123456
[2020-12-04T16:37:27.668] [DEBUG] cheese - admin
[2020-12-04T16:37:27.678] [DEBUG] cheese - null
[2020-12-04T16:37:27.679] [DEBUG] cheese - null
[2020-12-10T22:59:53.997] [DEBUG] cheese - login => username:admin,password:123456
[2020-12-10T22:59:53.999] [DEBUG] cheese - admin
[2020-12-10T22:59:54.015] [DEBUG] cheese - null
[2020-12-10T22:59:54.016] [DEBUG] cheese - null
